<?xml version="1.0" encoding="UTF-8"?>
<testng-results ignored="0" total="2" passed="2" failed="0" skipped="0">
  <reporter-output>
  </reporter-output>
  <suite started-at="2022-09-02T12:19:10 IST" name="Default suite" finished-at="2022-09-02T12:19:10 IST" duration-ms="78">
    <groups>
    </groups>
    <test started-at="2022-09-02T12:19:10 IST" name="Default test" finished-at="2022-09-02T12:19:10 IST" duration-ms="78">
      <class name="gitclass.NewPro">
        <test-method signature="test1()[pri:0, instance:gitclass.NewPro@74751b3]" started-at="2022-09-02T12:19:10 IST" name="test1" finished-at="2022-09-02T12:19:10 IST" duration-ms="11" status="PASS">
          <reporter-output>
          </reporter-output>
        </test-method> <!-- test1 -->
        <test-method signature="test2()[pri:0, instance:gitclass.NewPro@74751b3]" started-at="2022-09-02T12:19:10 IST" name="test2" finished-at="2022-09-02T12:19:10 IST" duration-ms="2" status="PASS">
          <reporter-output>
          </reporter-output>
        </test-method> <!-- test2 -->
      </class> <!-- gitclass.NewPro -->
    </test> <!-- Default test -->
  </suite> <!-- Default suite -->
</testng-results>
